{
  "stats": {
    "suites": 1,
    "tests": 1,
    "passes": 1,
    "pending": 0,
    "failures": 0,
    "start": "2019-01-09T14:48:40.093Z",
    "end": "2019-01-09T14:48:40.130Z",
    "duration": 37,
    "testsRegistered": 1,
    "passPercent": 100,
    "pendingPercent": 0,
    "other": 0,
    "hasOther": false,
    "skipped": 0,
    "hasSkipped": false,
    "passPercentClass": "success",
    "pendingPercentClass": "danger"
  },
  "suites": {
    "uuid": "0f9deb1b-c673-478c-b877-60986c63f497",
    "title": "",
    "fullFile": "",
    "file": "",
    "beforeHooks": [],
    "afterHooks": [],
    "tests": [],
    "suites": [
      {
        "uuid": "2e339ea6-ecc8-44d9-838f-cdc907e3b09b",
        "title": "node借口测试",
        "fullFile": "/Users/lirongrong/Documents/work/git/YiDeng-note-2/0108_qa/rr_test/service/router.spec.js",
        "file": "/service/router.spec.js",
        "beforeHooks": [],
        "afterHooks": [],
        "tests": [
          {
            "title": "test接口测试",
            "fullTitle": "node借口测试 test接口测试",
            "timedOut": false,
            "duration": 30,
            "state": "passed",
            "speed": "fast",
            "pass": true,
            "fail": false,
            "pending": false,
            "code": "axios.get(\"http://localhost:3000/test\")\n.then(function(response){\n    if(response.data.result==\"Hello World!\"){\n        done()\n    }else{\n        done(new Error(\"数据\"))\n    }\n})\n.catch(function(err){\n    done(err);\n})",
            "err": {},
            "isRoot": false,
            "uuid": "135faea7-45c6-48f2-ab46-533d32e7218d",
            "isHook": false,
            "skipped": false
          }
        ],
        "suites": [],
        "passes": [
          "135faea7-45c6-48f2-ab46-533d32e7218d"
        ],
        "failures": [],
        "pending": [],
        "skipped": [],
        "duration": 30,
        "root": false,
        "rootEmpty": false,
        "_timeout": 2000
      }
    ],
    "passes": [],
    "failures": [],
    "pending": [],
    "skipped": [],
    "duration": 0,
    "root": true,
    "rootEmpty": true,
    "_timeout": 2000
  },
  "copyrightYear": 2019
}